<?xml version="1.0" encoding="UTF-8"?>
<!-- Generated by org.testng.reporters.JUnitReportReporter -->
<testsuite hostname="Mac.attlocal.net" failures="0" tests="1" name="ravinaprojects.tests.ErrorValidation" time="5.549" errors="0" timestamp="2025-03-10T22:41:22 CDT" skipped="0">
  <testcase classname="ravinaprojects.tests.ErrorValidation" name="submitOrder" time="5.549"/>
</testsuite> <!-- ravinaprojects.tests.ErrorValidation -->
